<?xml version="1.0" encoding="UTF-8"?>
<testsuite xmlns:xsi="http://www.w3.org/2001/XMLSchema-instance" xsi:noNamespaceSchemaLocation="https://maven.apache.org/surefire/maven-surefire-plugin/xsd/surefire-test-report-3.0.xsd" version="3.0" name="com.shelton.tasktracker.TaskTrackerApplicationTests" time="14.632" tests="1" errors="0" skipped="0" failures="0">
  <properties>
[...]
</properties>
  <testcase name="contextLoads" classname="com.shelton.tasktracker.TaskTrackerApplicationTests" time="3.142">
    <system-out><![CDATA[06:53:57.645 [main] INFO org.springframework.test.context.support.AnnotationConfigContextLoaderUtils -- Could not detect default configuration classes for test class [com.shelton.tasktracker.TaskTrackerApplicationTests]: TaskTrackerApplicationTests does not declare any static, non-private, non-final, nested classes annotated with @Configuration.
06:53:58.096 [main] INFO org.springframework.boot.test.context.SpringBootTestContextBootstrapper -- Found @SpringBootConfiguration com.shelton.tasktracker.TaskTrackerApplication for test class com.shelton.tasktracker.TaskTrackerApplicationTests

  .   ____          _            __ _ _
 /\\ / ___'_ __ _ _(_)_ __  __ _ \ \ \ \
( ( )\___ | '_ | '_| | '_ \/ _` | \ \ \ \
 \\/  ___)| |_)| | | | | || (_| |  ) ) ) )
  '  |____| .__|_| |_|_| |_\__, | / / / /
 =========|_|==============|___/=/_/_/_/
 :: Spring Boot ::                (v3.2.2)

2024-02-02T06:53:59.929+05:30  INFO 19296 --- [           main] c.s.t.TaskTrackerApplicationTests        : Starting TaskTrackerApplicationTests using Java 21.0.2 with PID 19296 (started by shelt in C:\Users\shelt\Documents\workspace-spring-tool-suite-4-4.21.0.RELEASE\task-tracker)
2024-02-02T06:53:59.935+05:30  INFO 19296 --- [           main] c.s.t.TaskTrackerApplicationTests        : No active profile set, falling back to 1 default profile: "default"
2024-02-02T06:54:02.850+05:30  INFO 19296 --- [           main] .s.d.r.c.RepositoryConfigurationDelegate : Bootstrapping Spring Data MongoDB repositories in DEFAULT mode.
2024-02-02T06:54:03.088+05:30  INFO 19296 --- [           main] .s.d.r.c.RepositoryConfigurationDelegate : Finished Spring Data repository scanning in 195 ms. Found 1 MongoDB repository interface.
2024-02-02T06:54:04.893+05:30  INFO 19296 --- [nci.mongodb.net] org.mongodb.driver.cluster               : Adding discovered server ac-pv7j3zo-shard-00-00.4trcnci.mongodb.net:27017 to client view of cluster
2024-02-02T06:54:05.001+05:30  INFO 19296 --- [           main] org.mongodb.driver.client                : MongoClient with metadata {"driver": {"name": "mongo-java-driver|sync|spring-boot", "version": "4.11.1"}, "os": {"type": "Windows", "name": "Windows 11", "architecture": "amd64", "version": "10.0"}, "platform": "Java/Oracle Corporation/21.0.2+13-58"} created with settings MongoClientSettings{readPreference=primary, writeConcern=WriteConcern{w=null, wTimeout=null ms, journal=null}, retryWrites=true, retryReads=true, readConcern=ReadConcern{level=null}, credential=MongoCredential{mechanism=null, userName='sheltonbilgates', source='admin', password=<hidden>, mechanismProperties=<hidden>}, transportSettings=null, streamFactoryFactory=null, commandListeners=[], codecRegistry=ProvidersCodecRegistry{codecProviders=[ValueCodecProvider{}, BsonValueCodecProvider{}, DBRefCodecProvider{}, DBObjectCodecProvider{}, DocumentCodecProvider{}, CollectionCodecProvider{}, IterableCodecProvider{}, MapCodecProvider{}, GeoJsonCodecProvider{}, GridFSFileCodecProvider{}, Jsr310CodecProvider{}, JsonObjectCodecProvider{}, BsonCodecProvider{}, EnumCodecProvider{}, com.mongodb.client.model.mql.ExpressionCodecProvider@682af059, com.mongodb.Jep395RecordCodecProvider@5f36c8e3, com.mongodb.KotlinCodecProvider@4da39ca9]}, loggerSettings=LoggerSettings{maxDocumentLength=1000}, clusterSettings={hosts=[127.0.0.1:27017], srvHost=leap.4trcnci.mongodb.net, srvServiceName=mongodb, mode=MULTIPLE, requiredClusterType=REPLICA_SET, requiredReplicaSetName='atlas-erzbid-shard-0', serverSelector='null', clusterListeners='[]', serverSelectionTimeout='30000 ms', localThreshold='15 ms'}, socketSettings=SocketSettings{connectTimeoutMS=10000, readTimeoutMS=0, receiveBufferSize=0, proxySettings=ProxySettings{host=null, port=null, username=null, password=null}}, heartbeatSocketSettings=SocketSettings{connectTimeoutMS=10000, readTimeoutMS=10000, receiveBufferSize=0, proxySettings=ProxySettings{host=null, port=null, username=null, password=null}}, connectionPoolSettings=ConnectionPoolSettings{maxSize=100, minSize=0, maxWaitTimeMS=120000, maxConnectionLifeTimeMS=0, maxConnectionIdleTimeMS=0, maintenanceInitialDelayMS=0, maintenanceFrequencyMS=60000, connectionPoolListeners=[], maxConnecting=2}, serverSettings=ServerSettings{heartbeatFrequencyMS=10000, minHeartbeatFrequencyMS=500, serverListeners='[]', serverMonitorListeners='[]'}, sslSettings=SslSettings{enabled=true, invalidHostNameAllowed=false, context=null}, applicationName='null', compressorList=[], uuidRepresentation=JAVA_LEGACY, serverApi=null, autoEncryptionSettings=null, dnsClient=null, inetAddressResolver=null, contextProvider=null}
2024-02-02T06:54:05.031+05:30  INFO 19296 --- [nci.mongodb.net] org.mongodb.driver.cluster               : Adding discovered server ac-pv7j3zo-shard-00-02.4trcnci.mongodb.net:27017 to client view of cluster
2024-02-02T06:54:05.044+05:30  INFO 19296 --- [nci.mongodb.net] org.mongodb.driver.cluster               : Adding discovered server ac-pv7j3zo-shard-00-01.4trcnci.mongodb.net:27017 to client view of cluster
2024-02-02T06:54:06.939+05:30  INFO 19296 --- [ngodb.net:27017] org.mongodb.driver.cluster               : Monitor thread successfully connected to server with description ServerDescription{address=ac-pv7j3zo-shard-00-02.4trcnci.mongodb.net:27017, type=REPLICA_SET_PRIMARY, state=CONNECTED, ok=true, minWireVersion=0, maxWireVersion=17, maxDocumentSize=16777216, logicalSessionTimeoutMinutes=30, roundTripTimeNanos=1193535600, setName='atlas-erzbid-shard-0', canonicalAddress=ac-pv7j3zo-shard-00-02.4trcnci.mongodb.net:27017, hosts=[ac-pv7j3zo-shard-00-02.4trcnci.mongodb.net:27017, ac-pv7j3zo-shard-00-00.4trcnci.mongodb.net:27017, ac-pv7j3zo-shard-00-01.4trcnci.mongodb.net:27017], passives=[], arbiters=[], primary='ac-pv7j3zo-shard-00-02.4trcnci.mongodb.net:27017', tagSet=TagSet{[Tag{name='availabilityZone', value='aps1-az2'}, Tag{name='diskState', value='READY'}, Tag{name='nodeType', value='ELECTABLE'}, Tag{name='provider', value='AWS'}, Tag{name='region', value='AP_SOUTH_1'}, Tag{name='workloadType', value='OPERATIONAL'}]}, electionId=7fffffff000000000000010d, setVersion=5, topologyVersion=TopologyVersion{processId=65b7dce0ab69c5295c588d9b, counter=6}, lastWriteDate=Fri Feb 02 06:54:06 IST 2024, lastUpdateTimeNanos=722341253595200}
2024-02-02T06:54:06.940+05:30  INFO 19296 --- [ngodb.net:27017] org.mongodb.driver.cluster               : Monitor thread successfully connected to server with description ServerDescription{address=ac-pv7j3zo-shard-00-00.4trcnci.mongodb.net:27017, type=REPLICA_SET_SECONDARY, state=CONNECTED, ok=true, minWireVersion=0, maxWireVersion=17, maxDocumentSize=16777216, logicalSessionTimeoutMinutes=30, roundTripTimeNanos=1193535000, setName='atlas-erzbid-shard-0', canonicalAddress=ac-pv7j3zo-shard-00-00.4trcnci.mongodb.net:27017, hosts=[ac-pv7j3zo-shard-00-02.4trcnci.mongodb.net:27017, ac-pv7j3zo-shard-00-00.4trcnci.mongodb.net:27017, ac-pv7j3zo-shard-00-01.4trcnci.mongodb.net:27017], passives=[], arbiters=[], primary='ac-pv7j3zo-shard-00-02.4trcnci.mongodb.net:27017', tagSet=TagSet{[Tag{name='availabilityZone', value='aps1-az1'}, Tag{name='diskState', value='READY'}, Tag{name='nodeType', value='ELECTABLE'}, Tag{name='provider', value='AWS'}, Tag{name='region', value='AP_SOUTH_1'}, Tag{name='workloadType', value='OPERATIONAL'}]}, electionId=null, setVersion=5, topologyVersion=TopologyVersion{processId=65b7da8bbc8ed3be3c160f9e, counter=4}, lastWriteDate=Fri Feb 02 06:54:06 IST 2024, lastUpdateTimeNanos=722341253595100}
2024-02-02T06:54:06.940+05:30  INFO 19296 --- [ngodb.net:27017] org.mongodb.driver.cluster               : Monitor thread successfully connected to server with description ServerDescription{address=ac-pv7j3zo-shard-00-01.4trcnci.mongodb.net:27017, type=REPLICA_SET_SECONDARY, state=CONNECTED, ok=true, minWireVersion=0, maxWireVersion=17, maxDocumentSize=16777216, logicalSessionTimeoutMinutes=30, roundTripTimeNanos=1193517200, setName='atlas-erzbid-shard-0', canonicalAddress=ac-pv7j3zo-shard-00-01.4trcnci.mongodb.net:27017, hosts=[ac-pv7j3zo-shard-00-02.4trcnci.mongodb.net:27017, ac-pv7j3zo-shard-00-00.4trcnci.mongodb.net:27017, ac-pv7j3zo-shard-00-01.4trcnci.mongodb.net:27017], passives=[], arbiters=[], primary='ac-pv7j3zo-shard-00-02.4trcnci.mongodb.net:27017', tagSet=TagSet{[Tag{name='availabilityZone', value='aps1-az3'}, Tag{name='diskState', value='READY'}, Tag{name='nodeType', value='ELECTABLE'}, Tag{name='provider', value='AWS'}, Tag{name='region', value='AP_SOUTH_1'}, Tag{name='workloadType', value='OPERATIONAL'}]}, electionId=null, setVersion=5, topologyVersion=TopologyVersion{processId=65b7de2f5b244db5b85c7c8b, counter=3}, lastWriteDate=Fri Feb 02 06:54:06 IST 2024, lastUpdateTimeNanos=722341253595100}
2024-02-02T06:54:06.952+05:30  INFO 19296 --- [ngodb.net:27017] org.mongodb.driver.cluster               : Discovered replica set primary ac-pv7j3zo-shard-00-02.4trcnci.mongodb.net:27017 with max election id 7fffffff000000000000010d and max set version 5
2024-02-02T06:54:08.320+05:30  INFO 19296 --- [           main] c.s.t.TaskTrackerApplicationTests        : Started TaskTrackerApplicationTests in 9.42 seconds (process running for 13.79)
]]></system-out>
    <system-err><![CDATA[WARNING: A Java agent has been loaded dynamically (C:\Users\shelt\.m2\repository\net\bytebuddy\byte-buddy-agent\1.14.11\byte-buddy-agent-1.14.11.jar)
WARNING: If a serviceability tool is in use, please run with -XX:+EnableDynamicAgentLoading to hide this warning
WARNING: If a serviceability tool is not in use, please run with -Djdk.instrument.traceUsage for more information
WARNING: Dynamic loading of agents will be disallowed by default in a future release
]]></system-err>
  </testcase>
</testsuite>